<?xml version="1.0" encoding="UTF-8"?>
<testng-results ignored="0" total="1" passed="1" failed="0" skipped="0">
  <reporter-output>
  </reporter-output>
  <suite started-at="2024-10-07T17:50:11 IST" name="Default suite" finished-at="2024-10-07T17:50:22 IST" duration-ms="11480">
    <groups>
    </groups>
    <test started-at="2024-10-07T17:50:11 IST" name="Default test" finished-at="2024-10-07T17:50:22 IST" duration-ms="11480">
      <class name="sampleproject.Testsample">
        <test-method signature="openbrowser()[pri:0, instance:sampleproject.Testsample@49139829]" started-at="2024-10-07T17:50:11 IST" name="openbrowser" finished-at="2024-10-07T17:50:22 IST" duration-ms="11442" status="PASS">
          <reporter-output>
          </reporter-output>
        </test-method> <!-- openbrowser -->
      </class> <!-- sampleproject.Testsample -->
    </test> <!-- Default test -->
  </suite> <!-- Default suite -->
</testng-results>
